DEBUG: Executing main.py from /Users/kmatan/Library/CloudStorage/OneDrive-MahidolUniversity/finance/Stocks/Evaluations/python/Investa/src/server/main.py
DEBUG: CWD is /Users/kmatan/Library/CloudStorage/OneDrive-MahidolUniversity/finance/Stocks/Evaluations/python/Investa
DEBUG: sys.path is ['/Users/kmatan/Library/CloudStorage/OneDrive-MahidolUniversity/finance/Stocks/Evaluations/python/Investa/src/server', '/Users/kmatan/Library/CloudStorage/OneDrive-MahidolUniversity/research/magcalc/pyMagCalc', '/Users/kmatan/.pyenv/versions/3.12.9/lib/python312.zip', '/Users/kmatan/.pyenv/versions/3.12.9/lib/python3.12', '/Users/kmatan/.pyenv/versions/3.12.9/lib/python3.12/lib-dynload', '/Users/kmatan/.pyenv/versions/3.12.9/lib/python3.12/site-packages']
DEBUG: LOADING API MODULE
DEBUG: LOADING PORTFOLIO_LOGIC
DEBUG: LOADED PORTFOLIO_ANALYZER
INFO:     Will watch for changes in these directories: ['/Users/kmatan/Library/CloudStorage/OneDrive-MahidolUniversity/finance/Stocks/Evaluations/python/Investa']
INFO:     Uvicorn running on http://0.0.0.0:8000 (Press CTRL+C to quit)
INFO:     Started reloader process [46018] using StatReload
DEBUG: Executing main.py from /Users/kmatan/Library/CloudStorage/OneDrive-MahidolUniversity/finance/Stocks/Evaluations/python/Investa/src/server/main.py
DEBUG: CWD is /Users/kmatan/Library/CloudStorage/OneDrive-MahidolUniversity/finance/Stocks/Evaluations/python/Investa
DEBUG: sys.path is ['/Users/kmatan/Library/CloudStorage/OneDrive-MahidolUniversity/finance/Stocks/Evaluations/python/Investa/src', '/Users/kmatan/Library/CloudStorage/OneDrive-MahidolUniversity/finance/Stocks/Evaluations/python/Investa/src/server', '/Users/kmatan/Library/CloudStorage/OneDrive-MahidolUniversity/research/magcalc/pyMagCalc', '/Users/kmatan/.pyenv/versions/3.12.9/lib/python312.zip', '/Users/kmatan/.pyenv/versions/3.12.9/lib/python3.12', '/Users/kmatan/.pyenv/versions/3.12.9/lib/python3.12/lib-dynload', '/Users/kmatan/.pyenv/versions/3.12.9/lib/python3.12/site-packages']
DEBUG: LOADING API MODULE
DEBUG: LOADING PORTFOLIO_LOGIC
DEBUG: LOADED PORTFOLIO_ANALYZER
INFO:     Started server process [46225]
INFO:     Waiting for application startup.
INFO:     Application startup complete.
DEBUG: Executing main.py from /Users/kmatan/Library/CloudStorage/OneDrive-MahidolUniversity/finance/Stocks/Evaluations/python/Investa/src/server/main.py
DEBUG: CWD is /Users/kmatan/Library/CloudStorage/OneDrive-MahidolUniversity/finance/Stocks/Evaluations/python/Investa
DEBUG: sys.path is ['/Users/kmatan/Library/CloudStorage/OneDrive-MahidolUniversity/finance/Stocks/Evaluations/python/Investa/src', '/Users/kmatan/Library/CloudStorage/OneDrive-MahidolUniversity/finance/Stocks/Evaluations/python/Investa/src/server', '/Users/kmatan/Library/CloudStorage/OneDrive-MahidolUniversity/research/magcalc/pyMagCalc', '/Users/kmatan/.pyenv/versions/3.12.9/lib/python312.zip', '/Users/kmatan/.pyenv/versions/3.12.9/lib/python3.12', '/Users/kmatan/.pyenv/versions/3.12.9/lib/python3.12/lib-dynload', '/Users/kmatan/.pyenv/versions/3.12.9/lib/python3.12/site-packages']
INFO:     192.168.1.107:59042 - "GET /api/holdings?currency=USD HTTP/1.1" 200 OK
WARNING:root:Hist Prep WARN: Could not generate daily results cache key/filename: name 'json' is not defined.
INFO:     192.168.1.107:59041 - "GET /api/summary?currency=USD HTTP/1.1" 200 OK
WARNING:root:Hist Prep WARN: Could not generate daily results cache key/filename: name 'json' is not defined.
DEBUG API: History Request: period=1y, benchmarks=None
DEBUG API: History Date Range: start=2024-12-07, end=2025-12-07
INFO:     192.168.1.107:59041 - "GET /api/history?currency=USD&period=1y HTTP/1.1" 200 OK
WARNING:root:Hist Prep WARN: Could not generate daily results cache key/filename: name 'json' is not defined.
DEBUG API: History Request: period=1y, benchmarks=None
DEBUG API: History Date Range: start=2024-12-07, end=2025-12-07
INFO:     192.168.1.107:59171 - "GET /api/history?currency=USD&period=1y HTTP/1.1" 200 OK
