Command line invocation:
    /Applications/Xcode.app/Contents/Developer/usr/bin/xcodebuild -project Investa.xcodeproj -scheme Investa build

--- xcodebuild: WARNING: Using the first of multiple matching destinations:
{ platform:macOS, arch:arm64, id:00006000-000460420CFA401E, name:My Mac }
{ platform:macOS, arch:x86_64, id:00006000-000460420CFA401E, name:My Mac }
{ platform:macOS, name:Any Mac }
ComputePackagePrebuildTargetDependencyGraph

Prepare packages

CreateBuildRequest

SendProjectDescription

CreateBuildOperation

ComputeTargetDependencyGraph
note: Building targets in dependency order
note: Target dependency graph (1 target)
    Target 'Investa' in project 'Investa' (no dependencies)

GatherProvisioningInputs

CreateBuildDescription

ExecuteExternalTool /Applications/Xcode.app/Contents/Developer/Toolchains/XcodeDefault.xctoolchain/usr/bin/clang -v -E -dM -isysroot /Applications/Xcode.app/Contents/Developer/Platforms/MacOSX.platform/Developer/SDKs/MacOSX26.5.sdk -x c -c /dev/null

ExecuteExternalTool /Applications/Xcode.app/Contents/Developer/usr/bin/actool --version --output-format xml1

ExecuteExternalTool /Applications/Xcode.app/Contents/Developer/Toolchains/XcodeDefault.xctoolchain/usr/bin/swiftc --version

ExecuteExternalTool /Applications/Xcode.app/Contents/Developer/Toolchains/XcodeDefault.xctoolchain/usr/bin/ld -version_details

Build description signature: bc7fa886f1713caab206ee1d847f65af
Build description path: /Users/kmatan/Library/Developer/Xcode/DerivedData/Investa-eyalvbsaxdflcneboawxzloxzbdg/Build/Intermediates.noindex/XCBuildData/bc7fa886f1713caab206ee1d847f65af.xcbuilddata
ClangStatCache /Applications/Xcode.app/Contents/Developer/Toolchains/XcodeDefault.xctoolchain/usr/bin/clang-stat-cache /Applications/Xcode.app/Contents/Developer/Platforms/MacOSX.platform/Developer/SDKs/MacOSX26.5.sdk /Users/kmatan/Library/Developer/Xcode/DerivedData/SDKStatCaches.noindex/macosx26.5-25F70-e082c4a02f00227109f4ed75e425c832.sdkstatcache
    cd /Users/kmatan/Investa/macos_app/Investa.xcodeproj
    /Applications/Xcode.app/Contents/Developer/Toolchains/XcodeDefault.xctoolchain/usr/bin/clang-stat-cache /Applications/Xcode.app/Contents/Developer/Platforms/MacOSX.platform/Developer/SDKs/MacOSX26.5.sdk -o /Users/kmatan/Library/Developer/Xcode/DerivedData/SDKStatCaches.noindex/macosx26.5-25F70-e082c4a02f00227109f4ed75e425c832.sdkstatcache

note: Disabling hardened runtime with ad-hoc codesigning. (in target 'Investa' from project 'Investa')
ProcessInfoPlistFile /Users/kmatan/Library/Developer/Xcode/DerivedData/Investa-eyalvbsaxdflcneboawxzloxzbdg/Build/Products/Debug/Investa.app/Contents/Info.plist /Users/kmatan/Investa/macos_app/Investa/Info.plist (in target 'Investa' from project 'Investa')
    cd /Users/kmatan/Investa/macos_app
    builtin-infoPlistUtility /Users/kmatan/Investa/macos_app/Investa/Info.plist -producttype com.apple.product-type.application -genpkginfo /Users/kmatan/Library/Developer/Xcode/DerivedData/Investa-eyalvbsaxdflcneboawxzloxzbdg/Build/Products/Debug/Investa.app/Contents/PkgInfo -expandbuildsettings -platform macosx -additionalcontentfile /Users/kmatan/Library/Developer/Xcode/DerivedData/Investa-eyalvbsaxdflcneboawxzloxzbdg/Build/Intermediates.noindex/Investa.build/Debug/Investa.build/assetcatalog_generated_info.plist -o /Users/kmatan/Library/Developer/Xcode/DerivedData/Investa-eyalvbsaxdflcneboawxzloxzbdg/Build/Products/Debug/Investa.app/Contents/Info.plist

CopySwiftLibs /Users/kmatan/Library/Developer/Xcode/DerivedData/Investa-eyalvbsaxdflcneboawxzloxzbdg/Build/Products/Debug/Investa.app (in target 'Investa' from project 'Investa')
    cd /Users/kmatan/Investa/macos_app
    builtin-swiftStdLibTool --copy --verbose --sign - --scan-executable /Users/kmatan/Library/Developer/Xcode/DerivedData/Investa-eyalvbsaxdflcneboawxzloxzbdg/Build/Products/Debug/Investa.app/Contents/MacOS/Investa.debug.dylib --scan-folder /Users/kmatan/Library/Developer/Xcode/DerivedData/Investa-eyalvbsaxdflcneboawxzloxzbdg/Build/Products/Debug/Investa.app/Contents/Frameworks --scan-folder /Users/kmatan/Library/Developer/Xcode/DerivedData/Investa-eyalvbsaxdflcneboawxzloxzbdg/Build/Products/Debug/Investa.app/Contents/PlugIns --scan-folder /Users/kmatan/Library/Developer/Xcode/DerivedData/Investa-eyalvbsaxdflcneboawxzloxzbdg/Build/Products/Debug/Investa.app/Contents/Library/SystemExtensions --scan-folder /Users/kmatan/Library/Developer/Xcode/DerivedData/Investa-eyalvbsaxdflcneboawxzloxzbdg/Build/Products/Debug/Investa.app/Contents/Extensions --platform macosx --toolchain /Applications/Xcode.app/Contents/Developer/Toolchains/XcodeDefault.xctoolchain --destination /Users/kmatan/Library/Developer/Xcode/DerivedData/Investa-eyalvbsaxdflcneboawxzloxzbdg/Build/Products/Debug/Investa.app/Contents/Frameworks --strip-bitcode --strip-bitcode-tool /Applications/Xcode.app/Contents/Developer/Toolchains/XcodeDefault.xctoolchain/usr/bin/bitcode_strip --emit-dependency-info /Users/kmatan/Library/Developer/Xcode/DerivedData/Investa-eyalvbsaxdflcneboawxzloxzbdg/Build/Intermediates.noindex/Investa.build/Debug/Investa.build/SwiftStdLibToolInputDependencies.dep --filter-for-swift-os --back-deploy-swift-span

** BUILD SUCCEEDED **

